Unity Editor version:    2023.2.3f1 (21747dafc6ee)
Branch:                  2023.2/staging
Build type:              Release
Batch mode:              YES
macOS version:           Version 11.5.1 (Build 20G80)
Darwin version:          20.6.0
Architecture:            x86_64
Running under Rosetta:   NO
Available memory:        16384 MB
Using pre-set license
Pro License: YES

COMMAND LINE ARGUMENTS:
/Applications/Unity/Hub/Editor/2023.2.3f1/Unity.app/Contents/MacOS/Unity
-adb2
-batchMode
-noUpm
-name
AssetImportWorker0
-projectPath
/Users/dags/Dropbox/2 - NTNU - Forskning/EXACT DigiPlay Tiles/Unity-2024/Framework repo/Unity-Arduino-IoT/2D-IoT-Base
-logFile
Logs/AssetImportWorker0.log
-srvPort
55045
-job-worker-count
3
-background-job-worker-count
8
-asset-garbage-collectors
1
Successfully changed project path to: /Users/dags/Dropbox/2 - NTNU - Forskning/EXACT DigiPlay Tiles/Unity-2024/Framework repo/Unity-Arduino-IoT/2D-IoT-Base
/Users/dags/Dropbox/2 - NTNU - Forskning/EXACT DigiPlay Tiles/Unity-2024/Framework repo/Unity-Arduino-IoT/2D-IoT-Base
[UnityMemory] Configuration Parameters - Can be set up in boot.config
    "memorysetup-bucket-allocator-granularity=16"
    "memorysetup-bucket-allocator-bucket-count=8"
    "memorysetup-bucket-allocator-block-size=33554432"
    "memorysetup-bucket-allocator-block-count=8"
    "memorysetup-main-allocator-block-size=16777216"
    "memorysetup-thread-allocator-block-size=16777216"
    "memorysetup-gfx-main-allocator-block-size=16777216"
    "memorysetup-gfx-thread-allocator-block-size=16777216"
    "memorysetup-cache-allocator-block-size=4194304"
    "memorysetup-typetree-allocator-block-size=2097152"
    "memorysetup-profiler-bucket-allocator-granularity=16"
    "memorysetup-profiler-bucket-allocator-bucket-count=8"
    "memorysetup-profiler-bucket-allocator-block-size=33554432"
    "memorysetup-profiler-bucket-allocator-block-count=8"
    "memorysetup-profiler-allocator-block-size=16777216"
    "memorysetup-profiler-editor-allocator-block-size=1048576"
    "memorysetup-temp-allocator-size-main=16777216"
    "memorysetup-job-temp-allocator-block-size=2097152"
    "memorysetup-job-temp-allocator-block-size-background=1048576"
    "memorysetup-job-temp-allocator-reduction-small-platforms=262144"
    "memorysetup-allocator-temp-initial-block-size-main=262144"
    "memorysetup-allocator-temp-initial-block-size-worker=262144"
    "memorysetup-temp-allocator-size-background-worker=32768"
    "memorysetup-temp-allocator-size-job-worker=262144"
    "memorysetup-temp-allocator-size-preload-manager=33554432"
    "memorysetup-temp-allocator-size-nav-mesh-worker=65536"
    "memorysetup-temp-allocator-size-audio-worker=65536"
    "memorysetup-temp-allocator-size-cloud-worker=32768"
    "memorysetup-temp-allocator-size-gi-baking-worker=262144"
    "memorysetup-temp-allocator-size-gi-baking-worker=262144"
    "memorysetup-temp-allocator-size-gi-baking-worker=262144"
    "memorysetup-temp-allocator-size-gi-baking-worker=262144"
    "memorysetup-temp-allocator-size-gfx=262144"
Player connection [4519575040] Host "[IP] 10.50.48.142 [Port] 0 [Flags] 2 [Guid] 109087928 [EditorId] 109087928 [Version] 1048832 [Id] OSXEditor(0,ans-10-50-48-142.klient.ntnu.no) [Debug] 1 [PackageName] OSXEditor [ProjectName] Editor" joined multi-casting on [225.0.0.222:54997]...
Player connection [4519575040] Host "[IP] 10.50.48.142 [Port] 0 [Flags] 2 [Guid] 109087928 [EditorId] 109087928 [Version] 1048832 [Id] OSXEditor(0,ans-10-50-48-142.klient.ntnu.no) [Debug] 1 [PackageName] OSXEditor [ProjectName] Editor" joined alternative multi-casting on [225.0.0.222:34997]...
JobSystem: Creating JobQueue using job-worker-count value 3
[Physics::Module] Initialized MultithreadedJobDispatcher with 3 workers.
Library Redirect Path: Library/
Refreshing native plugins compatible for Editor in 7.49 ms, found 3 plugins.
Preloading 0 native plugins for Editor in 0.00 ms.
Initialize engine version: 2023.2.3f1 (21747dafc6ee)
[Subsystems] Discovering subsystems at path /Applications/Unity/Hub/Editor/2023.2.3f1/Unity.app/Contents/Resources/UnitySubsystems
[Subsystems] Discovering subsystems at path /Users/dags/Dropbox/2 - NTNU - Forskning/EXACT DigiPlay Tiles/Unity-2024/Framework repo/Unity-Arduino-IoT/2D-IoT-Base/Assets
GfxDevice: creating device client; kGfxThreadingModeNonThreaded
DELL G2410 preferred device: Intel(R) Iris(TM) Plus Graphics (low power)
Metal devices available: 1
0: Intel(R) Iris(TM) Plus Graphics (low power)
Using device Intel(R) Iris(TM) Plus Graphics (low power)
Initializing Metal device caps: Intel(R) Iris(TM) Plus Graphics
Initialize mono
Mono path[0] = '/Applications/Unity/Hub/Editor/2023.2.3f1/Unity.app/Contents/Managed'
Mono path[1] = '/Applications/Unity/Hub/Editor/2023.2.3f1/Unity.app/Contents/MonoBleedingEdge/lib/mono/unityjit-macos'
Mono config path = '/Applications/Unity/Hub/Editor/2023.2.3f1/Unity.app/Contents/MonoBleedingEdge/etc'
Using monoOptions --debugger-agent=transport=dt_socket,embedding=1,server=y,suspend=n,address=127.0.0.1:56478
Begin MonoManager ReloadAssembly
icall.c:1842:
icall.c:1842:
icall.c:1842:
icall.c:1842:
icall.c:1842:
icall.c:1842:
icall.c:1842:
icall.c:1842:
icall.c:1842:
icall.c:1842:
Registering precompiled unity dll's ...
Register platform support module: /Applications/Unity/Hub/Editor/2023.2.3f1/Unity.app/Contents/PlaybackEngines/MacStandaloneSupport/UnityEditor.OSXStandalone.Extensions.dll
Registered in 0.002207 seconds.
- Loaded All Assemblies, in  1.481 seconds
Native extension for OSXStandalone target not found
Mono: successfully reloaded assembly
icall.c:1842:
icall.c:1842:
- Finished resetting the current domain, in  0.867 seconds
Domain Reload Profiling: 2348ms
	BeginReloadAssembly (565ms)
		ExecutionOrderSort (0ms)
		DisableScriptedObjects (0ms)
		BackupInstance (0ms)
		ReleaseScriptingObjects (0ms)
		CreateAndSetChildDomain (2ms)
	RebuildCommonClasses (177ms)
	RebuildNativeTypeToScriptingClass (53ms)
	initialDomainReloadingComplete (133ms)
	LoadAllAssembliesAndSetupDomain (552ms)
		LoadAssemblies (573ms)
		RebuildTransferFunctionScriptingTraits (0ms)
		AnalyzeDomain (537ms)
			TypeCache.Refresh (531ms)
				TypeCache.ScanAssembly (499ms)
			BuildScriptInfoCaches (0ms)
			ResolveRequiredComponents (1ms)
	FinalizeReload (868ms)
		ReleaseScriptCaches (0ms)
		RebuildScriptCaches (0ms)
		SetupLoadedEditorAssemblies (716ms)
			LogAssemblyErrors (0ms)
			InitializePlatformSupportModulesInManaged (24ms)
			SetLoadedEditorAssemblies (31ms)
			BeforeProcessingInitializeOnLoad (15ms)
			ProcessInitializeOnLoadAttributes (517ms)
			ProcessInitializeOnLoadMethodAttributes (128ms)
			AfterProcessingInitializeOnLoad (0ms)
			EditorAssembliesLoaded (0ms)
		ExecutionOrderSort2 (0ms)
		AwakeInstancesAfterBackupRestoration (0ms)
========================================================================
Worker process is ready to serve import requests
Import Worker Mode flag is 0x00
Begin MonoManager ReloadAssembly
icall.c:1842:
icall.c:1842:
icall.c:1842:
icall.c:1842:
icall.c:1842:
icall.c:1842:
icall.c:1842:
icall.c:1842:
icall.c:1842:
icall.c:1842:
icall.c:1842:
icall.c:1842:
Symbol file LoadedFromMemory doesn't match image /Users/dags/Dropbox/2 - NTNU - Forskning/EXACT DigiPlay Tiles/Unity-2024/Framework repo/Unity-Arduino-IoT/2D-IoT-Base/Library/PackageCache/com.unity.visualscripting@1.8.0/Editor/VisualScripting.Core/Dependencies/YamlDotNet/Unity.VisualScripting.YamlDotNet.dll
Symbol file LoadedFromMemory doesn't match image /Users/dags/Dropbox/2 - NTNU - Forskning/EXACT DigiPlay Tiles/Unity-2024/Framework repo/Unity-Arduino-IoT/2D-IoT-Base/Library/PackageCache/com.unity.visualscripting@1.8.0/Editor/VisualScripting.Core/Dependencies/DotNetZip/Unity.VisualScripting.IonicZip.dll
- Loaded All Assemblies, in  2.427 seconds
Refreshing native plugins compatible for Editor in 1.19 ms, found 3 plugins.
Native extension for OSXStandalone target not found
Mono: successfully reloaded assembly
- Finished resetting the current domain, in  1.904 seconds
Domain Reload Profiling: 4329ms
	BeginReloadAssembly (922ms)
		ExecutionOrderSort (0ms)
		DisableScriptedObjects (9ms)
		BackupInstance (0ms)
		ReleaseScriptingObjects (0ms)
		CreateAndSetChildDomain (146ms)
	RebuildCommonClasses (107ms)
	RebuildNativeTypeToScriptingClass (30ms)
	initialDomainReloadingComplete (82ms)
	LoadAllAssembliesAndSetupDomain (1282ms)
		LoadAssemblies (1073ms)
		RebuildTransferFunctionScriptingTraits (0ms)
		AnalyzeDomain (550ms)
			TypeCache.Refresh (491ms)
				TypeCache.ScanAssembly (460ms)
			BuildScriptInfoCaches (44ms)
			ResolveRequiredComponents (8ms)
	FinalizeReload (1905ms)
		ReleaseScriptCaches (0ms)
		RebuildScriptCaches (0ms)
		SetupLoadedEditorAssemblies (1378ms)
			LogAssemblyErrors (0ms)
			InitializePlatformSupportModulesInManaged (11ms)
			SetLoadedEditorAssemblies (11ms)
			BeforeProcessingInitializeOnLoad (97ms)
			ProcessInitializeOnLoadAttributes (1178ms)
			ProcessInitializeOnLoadMethodAttributes (78ms)
			AfterProcessingInitializeOnLoad (3ms)
			EditorAssembliesLoaded (0ms)
		ExecutionOrderSort2 (0ms)
		AwakeInstancesAfterBackupRestoration (10ms)
Launching external process: /Applications/Unity/Hub/Editor/2023.2.3f1/Unity.app/Contents/Tools/UnityShaderCompiler
Launched and connected shader compiler UnityShaderCompiler after 0.04 seconds
Refreshing native plugins compatible for Editor in 1.87 ms, found 3 plugins.
Preloading 0 native plugins for Editor in 0.00 ms.
Unloading 13 Unused Serialized files (Serialized files now loaded: 0)
Unloading 4285 unused Assets / (1.0 MB). Loaded Objects now: 4831.
Memory consumption went from 254.7 MB to 253.7 MB.
Total: 14.533836 ms (FindLiveObjects: 2.150453 ms CreateObjectMapping: 0.847882 ms MarkObjects: 8.246510 ms  DeleteObjects: 3.285333 ms)

========================================================================
Received Prepare
Begin MonoManager ReloadAssembly
icall.c:1842:
icall.c:1842:
icall.c:1842:
icall.c:1842:
icall.c:1842:
icall.c:1842:
icall.c:1842:
icall.c:1842:
icall.c:1842:
icall.c:1842:
icall.c:1842:
icall.c:1842:
Symbol file LoadedFromMemory doesn't match image /Users/dags/Dropbox/2 - NTNU - Forskning/EXACT DigiPlay Tiles/Unity-2024/Framework repo/Unity-Arduino-IoT/2D-IoT-Base/Library/PackageCache/com.unity.visualscripting@1.8.0/Editor/VisualScripting.Core/Dependencies/YamlDotNet/Unity.VisualScripting.YamlDotNet.dll
Symbol file LoadedFromMemory doesn't match image /Users/dags/Dropbox/2 - NTNU - Forskning/EXACT DigiPlay Tiles/Unity-2024/Framework repo/Unity-Arduino-IoT/2D-IoT-Base/Library/PackageCache/com.unity.visualscripting@1.8.0/Editor/VisualScripting.Core/Dependencies/DotNetZip/Unity.VisualScripting.IonicZip.dll
- Loaded All Assemblies, in  1.164 seconds
Refreshing native plugins compatible for Editor in 0.98 ms, found 3 plugins.
Native extension for OSXStandalone target not found
Mono: successfully reloaded assembly
- Finished resetting the current domain, in  1.457 seconds
Domain Reload Profiling: 2641ms
	BeginReloadAssembly (313ms)
		ExecutionOrderSort (0ms)
		DisableScriptedObjects (22ms)
		BackupInstance (0ms)
		ReleaseScriptingObjects (0ms)
		CreateAndSetChildDomain (125ms)
	RebuildCommonClasses (84ms)
	RebuildNativeTypeToScriptingClass (23ms)
	initialDomainReloadingComplete (43ms)
	LoadAllAssembliesAndSetupDomain (721ms)
		LoadAssemblies (536ms)
		RebuildTransferFunctionScriptingTraits (0ms)
		AnalyzeDomain (270ms)
			TypeCache.Refresh (11ms)
				TypeCache.ScanAssembly (1ms)
			BuildScriptInfoCaches (240ms)
			ResolveRequiredComponents (12ms)
	FinalizeReload (1458ms)
		ReleaseScriptCaches (0ms)
		RebuildScriptCaches (0ms)
		SetupLoadedEditorAssemblies (1038ms)
			LogAssemblyErrors (0ms)
			InitializePlatformSupportModulesInManaged (4ms)
			SetLoadedEditorAssemblies (8ms)
			BeforeProcessingInitializeOnLoad (86ms)
			ProcessInitializeOnLoadAttributes (872ms)
			ProcessInitializeOnLoadMethodAttributes (65ms)
			AfterProcessingInitializeOnLoad (3ms)
			EditorAssembliesLoaded (0ms)
		ExecutionOrderSort2 (0ms)
		AwakeInstancesAfterBackupRestoration (8ms)
Refreshing native plugins compatible for Editor in 1.86 ms, found 3 plugins.
Preloading 0 native plugins for Editor in 0.00 ms.
Unloading 0 Unused Serialized files (Serialized files now loaded: 0)
Unloading 4283 unused Assets / (1.0 MB). Loaded Objects now: 4832.
Memory consumption went from 252.0 MB to 250.9 MB.
Total: 14.479862 ms (FindLiveObjects: 0.883158 ms CreateObjectMapping: 2.195257 ms MarkObjects: 9.452927 ms  DeleteObjects: 1.946502 ms)

Prepare: number of updated asset objects reloaded= 0
========================================================================
Received Import Request.
  Time since last request: 159394.030815 seconds.
  path: Assets/EXACT Examples/Common/RedTile/TonePlayer.cs
  artifactKey: Guid(4eb79c5ed9bca034c92a084d3e84a259) Importer(815301076,1909f56bfc062723c751e8b465ee728b)
Start importing Assets/EXACT Examples/Common/RedTile/TonePlayer.cs using Guid(4eb79c5ed9bca034c92a084d3e84a259) Importer(815301076,1909f56bfc062723c751e8b465ee728b) (PreviewImporter) -> (artifact id: '1f3937ff8d9cc811077df480df129048') in 0.012357833 seconds
Number of updated asset objects reloaded before import = 0Number of asset objects unloaded after import = 0

========================================================================
Received Import Request.
  Time since last request: 0.000763 seconds.
  path: Assets/EXACT Examples/Common/RedTile/RedTileUI.prefab
  artifactKey: Guid(83a52b81e24538b48b60957fd13f44f7) Importer(815301076,1909f56bfc062723c751e8b465ee728b)
Start importing Assets/EXACT Examples/Common/RedTile/RedTileUI.prefab using Guid(83a52b81e24538b48b60957fd13f44f7) Importer(815301076,1909f56bfc062723c751e8b465ee728b) (PreviewImporter) -> (artifact id: '307e70f4f975bc0121c9ca9bf1e81c1f') in 0.118076053 seconds
Number of updated asset objects reloaded before import = 0Number of asset objects unloaded after import = 52

========================================================================
Received Prepare
Begin MonoManager ReloadAssembly
icall.c:1842:
icall.c:1842:
icall.c:1842:
icall.c:1842:
icall.c:1842:
icall.c:1842:
icall.c:1842:
icall.c:1842:
icall.c:1842:
icall.c:1842:
icall.c:1842:
icall.c:1842:
Symbol file LoadedFromMemory doesn't match image /Users/dags/Dropbox/2 - NTNU - Forskning/EXACT DigiPlay Tiles/Unity-2024/Framework repo/Unity-Arduino-IoT/2D-IoT-Base/Library/PackageCache/com.unity.visualscripting@1.8.0/Editor/VisualScripting.Core/Dependencies/YamlDotNet/Unity.VisualScripting.YamlDotNet.dll
Symbol file LoadedFromMemory doesn't match image /Users/dags/Dropbox/2 - NTNU - Forskning/EXACT DigiPlay Tiles/Unity-2024/Framework repo/Unity-Arduino-IoT/2D-IoT-Base/Library/PackageCache/com.unity.visualscripting@1.8.0/Editor/VisualScripting.Core/Dependencies/DotNetZip/Unity.VisualScripting.IonicZip.dll
- Loaded All Assemblies, in  1.196 seconds
Refreshing native plugins compatible for Editor in 0.83 ms, found 3 plugins.
Native extension for OSXStandalone target not found
Mono: successfully reloaded assembly
- Finished resetting the current domain, in  1.255 seconds
Domain Reload Profiling: 2453ms
	BeginReloadAssembly (316ms)
		ExecutionOrderSort (0ms)
		DisableScriptedObjects (22ms)
		BackupInstance (0ms)
		ReleaseScriptingObjects (0ms)
		CreateAndSetChildDomain (136ms)
	RebuildCommonClasses (78ms)
	RebuildNativeTypeToScriptingClass (23ms)
	initialDomainReloadingComplete (36ms)
	LoadAllAssembliesAndSetupDomain (744ms)
		LoadAssemblies (604ms)
		RebuildTransferFunctionScriptingTraits (0ms)
		AnalyzeDomain (249ms)
			TypeCache.Refresh (8ms)
				TypeCache.ScanAssembly (0ms)
			BuildScriptInfoCaches (225ms)
			ResolveRequiredComponents (11ms)
	FinalizeReload (1256ms)
		ReleaseScriptCaches (0ms)
		RebuildScriptCaches (0ms)
		SetupLoadedEditorAssemblies (869ms)
			LogAssemblyErrors (0ms)
			InitializePlatformSupportModulesInManaged (5ms)
			SetLoadedEditorAssemblies (11ms)
			BeforeProcessingInitializeOnLoad (91ms)
			ProcessInitializeOnLoadAttributes (704ms)
			ProcessInitializeOnLoadMethodAttributes (54ms)
			AfterProcessingInitializeOnLoad (3ms)
			EditorAssembliesLoaded (1ms)
		ExecutionOrderSort2 (0ms)
		AwakeInstancesAfterBackupRestoration (6ms)
Refreshing native plugins compatible for Editor in 1.15 ms, found 3 plugins.
Preloading 0 native plugins for Editor in 0.00 ms.
Unloading 0 Unused Serialized files (Serialized files now loaded: 0)
Unloading 4283 unused Assets / (1.1 MB). Loaded Objects now: 4837.
Memory consumption went from 255.0 MB to 253.9 MB.
Total: 11.731634 ms (FindLiveObjects: 0.540353 ms CreateObjectMapping: 0.735655 ms MarkObjects: 7.078378 ms  DeleteObjects: 3.374739 ms)

Prepare: number of updated asset objects reloaded= 0
